--------------- Build Started: 12/27/2022 18:54:00 Project: CE216892 USB-HID Trackpad, Configuration: ARM GCC 5.4-2016-q2-update Debug ---------------
cydsfit.exe -.appdatapath "C:\Users\Asus\AppData\Local\Cypress Semiconductor\PSoC Creator\4.4" -.fdsnotice -.fdswarpdepfile=warp_dependencies.txt -.fdselabdepfile=elab_dependencies.txt -.fdsbldfile=generated_files.txt -.fdsreffile=referenced_files.txt -p "E:\Hackster Projects\Infenion Microcontroller\Infineon-CY8CKIT-041-41XX_Example_Projects-Software-v01_00-EN\PSoC 4100S\CE216892 USB-HID Trackpad\CE216892 USB-HID Trackpad.cydsn\CE216892 USB-HID Trackpad.cyprj" -d CY8C4146AZI-S433 -s "E:\Hackster Projects\Infenion Microcontroller\Infineon-CY8CKIT-041-41XX_Example_Projects-Software-v01_00-EN\PSoC 4100S\CE216892 USB-HID Trackpad\CE216892 USB-HID Trackpad.cydsn\Generated_Source\PSoC4" -- -yv2 -q10 -ygs -o2 -v3 -.fftcfgtype=LE
Elaborating Design...
HDL Generation...
Synthesis...
Tech Mapping...
Analog Placement...
Analog Routing...
Analog Code Generation...
Digital Placement...
Digital Routing...
Bitstream Generation...
Bitstream Verification...
Static timing analysis...
API Generation...
Dependency Generation...
Cleanup...
arm-none-eabi-gcc.exe -mcpu=cortex-m0plus -mthumb -I. -IGenerated_Source\PSoC4 -Wa,-alh=.\CortexM0p\ARM_GCC_541\Debug/main.lst -g -D DEBUG -w -ffunction-sections -ffat-lto-objects -Og -c main.c -o .\CortexM0p\ARM_GCC_541\Debug\main.o
arm-none-eabi-gcc.exe -mcpu=cortex-m0plus -mthumb -I. -IGenerated_Source\PSoC4 -Wa,-alh=.\CortexM0p\ARM_GCC_541\Debug/CapSense_Control.lst -g -D DEBUG -w -ffunction-sections -ffat-lto-objects -Og -c Generated_Source\PSoC4\CapSense_Control.c -o .\CortexM0p\ARM_GCC_541\Debug\CapSense_Control.o
arm-none-eabi-gcc.exe -mcpu=cortex-m0plus -mthumb -I. -IGenerated_Source\PSoC4 -Wa,-alh=.\CortexM0p\ARM_GCC_541\Debug/CapSense_Processing.lst -g -D DEBUG -w -ffunction-sections -ffat-lto-objects -Og -c Generated_Source\PSoC4\CapSense_Processing.c -o .\CortexM0p\ARM_GCC_541\Debug\CapSense_Processing.o
arm-none-eabi-gcc.exe -mcpu=cortex-m0plus -mthumb -I. -IGenerated_Source\PSoC4 -Wa,-alh=.\CortexM0p\ARM_GCC_541\Debug/CapSense_Structure.lst -g -D DEBUG -w -ffunction-sections -ffat-lto-objects -Og -c Generated_Source\PSoC4\CapSense_Structure.c -o .\CortexM0p\ARM_GCC_541\Debug\CapSense_Structure.o
arm-none-eabi-gcc.exe -mcpu=cortex-m0plus -mthumb -I. -IGenerated_Source\PSoC4 -Wa,-alh=.\CortexM0p\ARM_GCC_541\Debug/CapSense_Tuner.lst -g -D DEBUG -w -ffunction-sections -ffat-lto-objects -Og -c Generated_Source\PSoC4\CapSense_Tuner.c -o .\CortexM0p\ARM_GCC_541\Debug\CapSense_Tuner.o
arm-none-eabi-gcc.exe -mcpu=cortex-m0plus -mthumb -I. -IGenerated_Source\PSoC4 -Wa,-alh=.\CortexM0p\ARM_GCC_541\Debug/CapSense_Filter.lst -g -D DEBUG -w -ffunction-sections -ffat-lto-objects -Og -c Generated_Source\PSoC4\CapSense_Filter.c -o .\CortexM0p\ARM_GCC_541\Debug\CapSense_Filter.o
arm-none-eabi-gcc.exe -mcpu=cortex-m0plus -mthumb -I. -IGenerated_Source\PSoC4 -Wa,-alh=.\CortexM0p\ARM_GCC_541\Debug/CapSense_Sensing.lst -g -D DEBUG -w -ffunction-sections -ffat-lto-objects -Og -c Generated_Source\PSoC4\CapSense_Sensing.c -o .\CortexM0p\ARM_GCC_541\Debug\CapSense_Sensing.o
arm-none-eabi-gcc.exe -mcpu=cortex-m0plus -mthumb -I. -IGenerated_Source\PSoC4 -Wa,-alh=.\CortexM0p\ARM_GCC_541\Debug/CapSense_INT.lst -g -D DEBUG -w -ffunction-sections -ffat-lto-objects -Og -c Generated_Source\PSoC4\CapSense_INT.c -o .\CortexM0p\ARM_GCC_541\Debug\CapSense_INT.o
arm-none-eabi-gcc.exe -mcpu=cortex-m0plus -mthumb -I. -IGenerated_Source\PSoC4 -Wa,-alh=.\CortexM0p\ARM_GCC_541\Debug/CapSense_SensingCSD_LL.lst -g -D DEBUG -w -ffunction-sections -ffat-lto-objects -Og -c Generated_Source\PSoC4\CapSense_SensingCSD_LL.c -o .\CortexM0p\ARM_GCC_541\Debug\CapSense_SensingCSD_LL.o
arm-none-eabi-gcc.exe -mcpu=cortex-m0plus -mthumb -I. -IGenerated_Source\PSoC4 -Wa,-alh=.\CortexM0p\ARM_GCC_541\Debug/CapSense_Centroid_LL.lst -g -D DEBUG -w -ffunction-sections -ffat-lto-objects -Og -c Generated_Source\PSoC4\CapSense_Centroid_LL.c -o .\CortexM0p\ARM_GCC_541\Debug\CapSense_Centroid_LL.o
arm-none-eabi-ar.exe -rs ".\CortexM0p\ARM_GCC_541\Debug\CE216892 USB-HID Trackpad.a" .\CortexM0p\ARM_GCC_541\Debug\EZI2C.o .\CortexM0p\ARM_GCC_541\Debug\EZI2C_PM.o .\CortexM0p\ARM_GCC_541\Debug\EZI2C_BOOT.o .\CortexM0p\ARM_GCC_541\Debug\EZI2C_EZI2C.o .\CortexM0p\ARM_GCC_541\Debug\EZI2C_EZI2C_INT.o .\CortexM0p\ARM_GCC_541\Debug\EZI2C_EZI2C_BOOT.o .\CortexM0p\ARM_GCC_541\Debug\Red_LED.o .\CortexM0p\ARM_GCC_541\Debug\Red_LED_PM.o .\CortexM0p\ARM_GCC_541\Debug\CapSense_Control.o .\CortexM0p\ARM_GCC_541\Debug\CapSense_Processing.o .\CortexM0p\ARM_GCC_541\Debug\CapSense_Structure.o .\CortexM0p\ARM_GCC_541\Debug\CapSense_Tuner.o .\CortexM0p\ARM_GCC_541\Debug\CapSense_Filter.o .\CortexM0p\ARM_GCC_541\Debug\CapSense_Sensing.o .\CortexM0p\ARM_GCC_541\Debug\CapSense_INT.o .\CortexM0p\ARM_GCC_541\Debug\CapSense_SensingCSD_LL.o .\CortexM0p\ARM_GCC_541\Debug\CapSense_Centroid_LL.o .\CortexM0p\ARM_GCC_541\Debug\PROX_GND.o .\CortexM0p\ARM_GCC_541\Debug\PROX_GND_PM.o .\CortexM0p\ARM_GCC_541\Debug\EZI2C_SCBCLK.o .\CortexM0p\ARM_GCC_541\Debug\EZI2C_sda.o .\CortexM0p\ARM_GCC_541\Debug\EZI2C_sda_PM.o .\CortexM0p\ARM_GCC_541\Debug\EZI2C_scl.o .\CortexM0p\ARM_GCC_541\Debug\EZI2C_scl_PM.o .\CortexM0p\ARM_GCC_541\Debug\EZI2C_SCB_IRQ.o .\CortexM0p\ARM_GCC_541\Debug\CapSense_ISR.o .\CortexM0p\ARM_GCC_541\Debug\CyFlash.o .\CortexM0p\ARM_GCC_541\Debug\CyLib.o .\CortexM0p\ARM_GCC_541\Debug\cyPm.o .\CortexM0p\ARM_GCC_541\Debug\cyutils.o .\CortexM0p\ARM_GCC_541\Debug\CyLFClk.o .\CortexM0p\ARM_GCC_541\Debug\cy_em_eeprom.o .\CortexM0p\ARM_GCC_541\Debug\CyBootAsmGnu.o
arm-none-eabi-ar.exe: creating .\CortexM0p\ARM_GCC_541\Debug\CE216892 USB-HID Trackpad.a
arm-none-eabi-gcc.exe -Wl,--start-group -o "E:\Hackster Projects\Infenion Microcontroller\Infineon-CY8CKIT-041-41XX_Example_Projects-Software-v01_00-EN\PSoC 4100S\CE216892 USB-HID Trackpad\CE216892 USB-HID Trackpad.cydsn\CortexM0p\ARM_GCC_541\Debug\CE216892 USB-HID Trackpad.elf" .\CortexM0p\ARM_GCC_541\Debug\main.o .\CortexM0p\ARM_GCC_541\Debug\cyfitter_cfg.o .\CortexM0p\ARM_GCC_541\Debug\cymetadata.o .\CortexM0p\ARM_GCC_541\Debug\Cm0plusStart.o ".\CortexM0p\ARM_GCC_541\Debug\CE216892 USB-HID Trackpad.a" "C:\Program Files (x86)\Cypress\PSoC Creator\4.4\PSoC Creator\psoc\content\CyComponentLibrary\CyComponentLibrary.cylib\CapSense_P4_v7_0\PSoC4\Library\Capsense_P4Library_GCCp.a" -mcpu=cortex-m0plus -mthumb -L Generated_Source\PSoC4 "-Wl,-Map,.\CortexM0p\ARM_GCC_541\Debug/CE216892 USB-HID Trackpad.map" -T Generated_Source\PSoC4\cm0plusgcc.ld -specs=nano.specs -Wl,--gc-sections -g -ffunction-sections -Og -ffat-lto-objects -Wl,--end-group
cyelftool.exe -C "E:\Hackster Projects\Infenion Microcontroller\Infineon-CY8CKIT-041-41XX_Example_Projects-Software-v01_00-EN\PSoC 4100S\CE216892 USB-HID Trackpad\CE216892 USB-HID Trackpad.cydsn\CortexM0p\ARM_GCC_541\Debug\CE216892 USB-HID Trackpad.elf" --flash_row_size 128 --flash_size 65536 --flash_offset 0x00000000
No ELF section .cychecksum found, creating one
Application checksum calculated and stored in ELF section .cychecksum
Checksum calculated and stored in ELF section .cymeta
cyelftool.exe -S "E:\Hackster Projects\Infenion Microcontroller\Infineon-CY8CKIT-041-41XX_Example_Projects-Software-v01_00-EN\PSoC 4100S\CE216892 USB-HID Trackpad\CE216892 USB-HID Trackpad.cydsn\CortexM0p\ARM_GCC_541\Debug\CE216892 USB-HID Trackpad.elf"
Flash used: 14062 of 65536 bytes (21.5%).
SRAM used: 2952 of 8192 bytes (36.0%). Stack: 2048 bytes. Heap: 128 bytes.
--------------- Build Succeeded: 12/27/2022 18:54:12 ---------------
