--------------- Clean Started: 12/27/2022 18:45:31 Project: CE216892 USB-HID Trackpad, Configuration: ARM GCC 5.4-2016-q2-update Debug ---------------
Deleting file ".\CortexM0p\ARM_GCC_541\Debug\main.o"
Deleting file ".\CortexM0p\ARM_GCC_541\Debug\cyfitter_cfg.o"
Deleting file ".\CortexM0p\ARM_GCC_541\Debug\cymetadata.o"
Deleting file ".\CortexM0p\ARM_GCC_541\Debug\EZI2C.o"
Deleting file ".\CortexM0p\ARM_GCC_541\Debug\EZI2C_PM.o"
Deleting file ".\CortexM0p\ARM_GCC_541\Debug\EZI2C_BOOT.o"
Deleting file ".\CortexM0p\ARM_GCC_541\Debug\EZI2C_EZI2C.o"
Deleting file ".\CortexM0p\ARM_GCC_541\Debug\EZI2C_EZI2C_INT.o"
Deleting file ".\CortexM0p\ARM_GCC_541\Debug\EZI2C_EZI2C_BOOT.o"
Deleting file ".\CortexM0p\ARM_GCC_541\Debug\Red_LED.o"
Deleting file ".\CortexM0p\ARM_GCC_541\Debug\Red_LED_PM.o"
Deleting file ".\CortexM0p\ARM_GCC_541\Debug\CapSense_Control.o"
Deleting file ".\CortexM0p\ARM_GCC_541\Debug\CapSense_Processing.o"
Deleting file ".\CortexM0p\ARM_GCC_541\Debug\CapSense_Structure.o"
Deleting file ".\CortexM0p\ARM_GCC_541\Debug\CapSense_Tuner.o"
Deleting file ".\CortexM0p\ARM_GCC_541\Debug\CapSense_Filter.o"
Deleting file ".\CortexM0p\ARM_GCC_541\Debug\CapSense_Sensing.o"
Deleting file ".\CortexM0p\ARM_GCC_541\Debug\CapSense_INT.o"
Deleting file ".\CortexM0p\ARM_GCC_541\Debug\CapSense_SensingCSD_LL.o"
Deleting file ".\CortexM0p\ARM_GCC_541\Debug\CapSense_Centroid_LL.o"
Deleting file ".\CortexM0p\ARM_GCC_541\Debug\PROX_GND.o"
Deleting file ".\CortexM0p\ARM_GCC_541\Debug\PROX_GND_PM.o"
Deleting file ".\CortexM0p\ARM_GCC_541\Debug\EZI2C_SCBCLK.o"
Deleting file ".\CortexM0p\ARM_GCC_541\Debug\EZI2C_sda.o"
Deleting file ".\CortexM0p\ARM_GCC_541\Debug\EZI2C_sda_PM.o"
Deleting file ".\CortexM0p\ARM_GCC_541\Debug\EZI2C_scl.o"
Deleting file ".\CortexM0p\ARM_GCC_541\Debug\EZI2C_scl_PM.o"
Deleting file ".\CortexM0p\ARM_GCC_541\Debug\EZI2C_SCB_IRQ.o"
Deleting file ".\CortexM0p\ARM_GCC_541\Debug\CapSense_ISR.o"
Deleting file ".\CortexM0p\ARM_GCC_541\Debug\Cm0plusStart.o"
Deleting file ".\CortexM0p\ARM_GCC_541\Debug\CyFlash.o"
Deleting file ".\CortexM0p\ARM_GCC_541\Debug\CyLib.o"
Deleting file ".\CortexM0p\ARM_GCC_541\Debug\cyPm.o"
Deleting file ".\CortexM0p\ARM_GCC_541\Debug\cyutils.o"
Deleting file ".\CortexM0p\ARM_GCC_541\Debug\CyBootAsmGnu.o"
Deleting file ".\CortexM0p\ARM_GCC_541\Debug\CyLFClk.o"
Deleting file ".\CortexM0p\ARM_GCC_541\Debug\cy_em_eeprom.o"
Deleting file ".\CortexM0p\ARM_GCC_541\Debug\CE216892 USB-HID Trackpad.hex"
Deleting file ".\CortexM0p\ARM_GCC_541\Debug\CE216892 USB-HID Trackpad.elf"
Deleting file ".\CortexM0p\ARM_GCC_541\Debug\CE216892 USB-HID Trackpad.map"
Deleting file ".\CE216892 USB-HID Trackpad.cycdx"
Deleting file ".\CE216892 USB-HID Trackpad.rpt"
Deleting file ".\CortexM0p\ARM_GCC_541\Debug\.deps\SOURCE_C__ARM_GCC_GENERIC.P"
Deleting file ".\CortexM0p\ARM_GCC_541\Debug\.deps\SOURCE_ASM__ARM_GCC_GENERIC.P"
--------------- Clean Succeeded: 12/27/2022 18:45:31 ---------------
