ARM GAS  C:\Users\Asus\AppData\Local\Temp\ccedlzEh.s 			page 1


   1              		.syntax unified
   2              		.cpu cortex-m0plus
   3              		.fpu softvfp
   4              		.eabi_attribute 20, 1
   5              		.eabi_attribute 21, 1
   6              		.eabi_attribute 23, 3
   7              		.eabi_attribute 24, 1
   8              		.eabi_attribute 25, 1
   9              		.eabi_attribute 26, 1
  10              		.eabi_attribute 30, 1
  11              		.eabi_attribute 34, 0
  12              		.eabi_attribute 18, 4
  13              		.thumb
  14              		.syntax unified
  15              		.file	"cyfitter_cfg.c"
  16              		.text
  17              	.Ltext0:
  18              		.cfi_sections	.debug_frame
  19              		.section	.psocinit,"ax",%progbits
  20              		.align	2
  21              		.code	16
  22              		.thumb_func
  23              		.type	ClockSetup, %function
  24              	ClockSetup:
  25              	.LFB4:
  26              		.file 1 "Generated_Source\\PSoC4\\cyfitter_cfg.c"
   1:Generated_Source\PSoC4/cyfitter_cfg.c **** 
   2:Generated_Source\PSoC4/cyfitter_cfg.c **** /*******************************************************************************
   3:Generated_Source\PSoC4/cyfitter_cfg.c **** * File Name: cyfitter_cfg.c
   4:Generated_Source\PSoC4/cyfitter_cfg.c **** * 
   5:Generated_Source\PSoC4/cyfitter_cfg.c **** * PSoC Creator  4.4
   6:Generated_Source\PSoC4/cyfitter_cfg.c **** *
   7:Generated_Source\PSoC4/cyfitter_cfg.c **** * Description:
   8:Generated_Source\PSoC4/cyfitter_cfg.c **** * This file contains device initialization code.
   9:Generated_Source\PSoC4/cyfitter_cfg.c **** * Except for the user defined sections in CyClockStartupError(), this file should not be modified.
  10:Generated_Source\PSoC4/cyfitter_cfg.c **** * This file is automatically generated by PSoC Creator.
  11:Generated_Source\PSoC4/cyfitter_cfg.c **** *
  12:Generated_Source\PSoC4/cyfitter_cfg.c **** ********************************************************************************
  13:Generated_Source\PSoC4/cyfitter_cfg.c **** * Copyright (c) 2007-2020 Cypress Semiconductor.  All rights reserved.
  14:Generated_Source\PSoC4/cyfitter_cfg.c **** * You may use this file only in accordance with the license, terms, conditions, 
  15:Generated_Source\PSoC4/cyfitter_cfg.c **** * disclaimers, and limitations in the end user license agreement accompanying 
  16:Generated_Source\PSoC4/cyfitter_cfg.c **** * the software package with which this file was provided.
  17:Generated_Source\PSoC4/cyfitter_cfg.c **** ********************************************************************************/
  18:Generated_Source\PSoC4/cyfitter_cfg.c **** 
  19:Generated_Source\PSoC4/cyfitter_cfg.c **** #include <string.h>
  20:Generated_Source\PSoC4/cyfitter_cfg.c **** #include "cytypes.h"
  21:Generated_Source\PSoC4/cyfitter_cfg.c **** #include "cydevice_trm.h"
  22:Generated_Source\PSoC4/cyfitter_cfg.c **** #include "cyfitter.h"
  23:Generated_Source\PSoC4/cyfitter_cfg.c **** #include "CyLib.h"
  24:Generated_Source\PSoC4/cyfitter_cfg.c **** #include "cyfitter_cfg.h"
  25:Generated_Source\PSoC4/cyfitter_cfg.c **** #include "cyapicallbacks.h"
  26:Generated_Source\PSoC4/cyfitter_cfg.c **** 
  27:Generated_Source\PSoC4/cyfitter_cfg.c **** 
  28:Generated_Source\PSoC4/cyfitter_cfg.c **** #if defined(__GNUC__) || defined(__ARMCC_VERSION)
  29:Generated_Source\PSoC4/cyfitter_cfg.c ****     #define CYPACKED 
  30:Generated_Source\PSoC4/cyfitter_cfg.c ****     #define CYPACKED_ATTR __attribute__ ((packed))
  31:Generated_Source\PSoC4/cyfitter_cfg.c ****     #define CYALIGNED __attribute__ ((aligned))
ARM GAS  C:\Users\Asus\AppData\Local\Temp\ccedlzEh.s 			page 2


  32:Generated_Source\PSoC4/cyfitter_cfg.c ****     #define CY_CFG_UNUSED __attribute__ ((unused))
  33:Generated_Source\PSoC4/cyfitter_cfg.c ****     #ifndef CY_CFG_SECTION
  34:Generated_Source\PSoC4/cyfitter_cfg.c ****         #define CY_CFG_SECTION __attribute__ ((section(".psocinit")))
  35:Generated_Source\PSoC4/cyfitter_cfg.c ****     #endif
  36:Generated_Source\PSoC4/cyfitter_cfg.c ****     
  37:Generated_Source\PSoC4/cyfitter_cfg.c ****     #if defined(__ARMCC_VERSION)
  38:Generated_Source\PSoC4/cyfitter_cfg.c ****         #define CY_CFG_MEMORY_BARRIER() __memory_changed()
  39:Generated_Source\PSoC4/cyfitter_cfg.c ****     #else
  40:Generated_Source\PSoC4/cyfitter_cfg.c ****         #define CY_CFG_MEMORY_BARRIER() __sync_synchronize()
  41:Generated_Source\PSoC4/cyfitter_cfg.c ****     #endif
  42:Generated_Source\PSoC4/cyfitter_cfg.c ****     
  43:Generated_Source\PSoC4/cyfitter_cfg.c **** #elif defined(__ICCARM__)
  44:Generated_Source\PSoC4/cyfitter_cfg.c ****     #include <intrinsics.h>
  45:Generated_Source\PSoC4/cyfitter_cfg.c **** 
  46:Generated_Source\PSoC4/cyfitter_cfg.c ****     #define CYPACKED __packed
  47:Generated_Source\PSoC4/cyfitter_cfg.c ****     #define CYPACKED_ATTR 
  48:Generated_Source\PSoC4/cyfitter_cfg.c ****     #define CYALIGNED _Pragma("data_alignment=4")
  49:Generated_Source\PSoC4/cyfitter_cfg.c ****     #define CY_CFG_UNUSED _Pragma("diag_suppress=Pe177")
  50:Generated_Source\PSoC4/cyfitter_cfg.c ****     #define CY_CFG_SECTION _Pragma("location=\".psocinit\"")
  51:Generated_Source\PSoC4/cyfitter_cfg.c ****     
  52:Generated_Source\PSoC4/cyfitter_cfg.c ****     #define CY_CFG_MEMORY_BARRIER() __DMB()
  53:Generated_Source\PSoC4/cyfitter_cfg.c ****     
  54:Generated_Source\PSoC4/cyfitter_cfg.c **** #else
  55:Generated_Source\PSoC4/cyfitter_cfg.c ****     #error Unsupported toolchain
  56:Generated_Source\PSoC4/cyfitter_cfg.c **** #endif
  57:Generated_Source\PSoC4/cyfitter_cfg.c **** 
  58:Generated_Source\PSoC4/cyfitter_cfg.c **** #ifndef CYCODE
  59:Generated_Source\PSoC4/cyfitter_cfg.c ****     #define CYCODE
  60:Generated_Source\PSoC4/cyfitter_cfg.c **** #endif
  61:Generated_Source\PSoC4/cyfitter_cfg.c **** #ifndef CYDATA
  62:Generated_Source\PSoC4/cyfitter_cfg.c ****     #define CYDATA
  63:Generated_Source\PSoC4/cyfitter_cfg.c **** #endif
  64:Generated_Source\PSoC4/cyfitter_cfg.c **** #ifndef CYFAR
  65:Generated_Source\PSoC4/cyfitter_cfg.c ****     #define CYFAR
  66:Generated_Source\PSoC4/cyfitter_cfg.c **** #endif
  67:Generated_Source\PSoC4/cyfitter_cfg.c **** #ifndef CYXDATA
  68:Generated_Source\PSoC4/cyfitter_cfg.c ****     #define CYXDATA
  69:Generated_Source\PSoC4/cyfitter_cfg.c **** #endif
  70:Generated_Source\PSoC4/cyfitter_cfg.c **** 
  71:Generated_Source\PSoC4/cyfitter_cfg.c **** 
  72:Generated_Source\PSoC4/cyfitter_cfg.c **** CY_CFG_UNUSED
  73:Generated_Source\PSoC4/cyfitter_cfg.c **** static void CYMEMZERO(void *s, size_t n);
  74:Generated_Source\PSoC4/cyfitter_cfg.c **** CY_CFG_UNUSED
  75:Generated_Source\PSoC4/cyfitter_cfg.c **** static void CYMEMZERO(void *s, size_t n)
  76:Generated_Source\PSoC4/cyfitter_cfg.c **** {
  77:Generated_Source\PSoC4/cyfitter_cfg.c **** 	(void)memset(s, 0, n);
  78:Generated_Source\PSoC4/cyfitter_cfg.c **** }
  79:Generated_Source\PSoC4/cyfitter_cfg.c **** CY_CFG_UNUSED
  80:Generated_Source\PSoC4/cyfitter_cfg.c **** static void CYCONFIGCPY(void *dest, const void *src, size_t n);
  81:Generated_Source\PSoC4/cyfitter_cfg.c **** CY_CFG_UNUSED
  82:Generated_Source\PSoC4/cyfitter_cfg.c **** static void CYCONFIGCPY(void *dest, const void *src, size_t n)
  83:Generated_Source\PSoC4/cyfitter_cfg.c **** {
  84:Generated_Source\PSoC4/cyfitter_cfg.c **** 	(void)memcpy(dest, src, n);
  85:Generated_Source\PSoC4/cyfitter_cfg.c **** }
  86:Generated_Source\PSoC4/cyfitter_cfg.c **** CY_CFG_UNUSED
  87:Generated_Source\PSoC4/cyfitter_cfg.c **** static void CYCONFIGCPYCODE(void *dest, const void *src, size_t n);
  88:Generated_Source\PSoC4/cyfitter_cfg.c **** CY_CFG_UNUSED
ARM GAS  C:\Users\Asus\AppData\Local\Temp\ccedlzEh.s 			page 3


  89:Generated_Source\PSoC4/cyfitter_cfg.c **** static void CYCONFIGCPYCODE(void *dest, const void *src, size_t n)
  90:Generated_Source\PSoC4/cyfitter_cfg.c **** {
  91:Generated_Source\PSoC4/cyfitter_cfg.c **** 	(void)memcpy(dest, src, n);
  92:Generated_Source\PSoC4/cyfitter_cfg.c **** }
  93:Generated_Source\PSoC4/cyfitter_cfg.c **** 
  94:Generated_Source\PSoC4/cyfitter_cfg.c **** 
  95:Generated_Source\PSoC4/cyfitter_cfg.c **** 
  96:Generated_Source\PSoC4/cyfitter_cfg.c **** 
  97:Generated_Source\PSoC4/cyfitter_cfg.c **** /* Clock startup error codes                                                   */
  98:Generated_Source\PSoC4/cyfitter_cfg.c **** #define CYCLOCKSTART_NO_ERROR    0u
  99:Generated_Source\PSoC4/cyfitter_cfg.c **** #define CYCLOCKSTART_XTAL_ERROR  1u
 100:Generated_Source\PSoC4/cyfitter_cfg.c **** #define CYCLOCKSTART_32KHZ_ERROR 2u
 101:Generated_Source\PSoC4/cyfitter_cfg.c **** #define CYCLOCKSTART_PLL_ERROR   3u
 102:Generated_Source\PSoC4/cyfitter_cfg.c **** #define CYCLOCKSTART_FLL_ERROR   4u
 103:Generated_Source\PSoC4/cyfitter_cfg.c **** #define CYCLOCKSTART_WCO_ERROR   5u
 104:Generated_Source\PSoC4/cyfitter_cfg.c **** 
 105:Generated_Source\PSoC4/cyfitter_cfg.c **** 
 106:Generated_Source\PSoC4/cyfitter_cfg.c **** #ifdef CY_NEED_CYCLOCKSTARTUPERROR
 107:Generated_Source\PSoC4/cyfitter_cfg.c **** /*******************************************************************************
 108:Generated_Source\PSoC4/cyfitter_cfg.c **** * Function Name: CyClockStartupError
 109:Generated_Source\PSoC4/cyfitter_cfg.c **** ********************************************************************************
 110:Generated_Source\PSoC4/cyfitter_cfg.c **** * Summary:
 111:Generated_Source\PSoC4/cyfitter_cfg.c **** *  If an error is encountered during clock configuration (crystal startup error,
 112:Generated_Source\PSoC4/cyfitter_cfg.c **** *  PLL lock error, etc.), the system will end up here.  Unless reimplemented by
 113:Generated_Source\PSoC4/cyfitter_cfg.c **** *  the customer, this function will stop in an infinite loop.
 114:Generated_Source\PSoC4/cyfitter_cfg.c **** *
 115:Generated_Source\PSoC4/cyfitter_cfg.c **** * Parameters:
 116:Generated_Source\PSoC4/cyfitter_cfg.c **** *   void
 117:Generated_Source\PSoC4/cyfitter_cfg.c **** *
 118:Generated_Source\PSoC4/cyfitter_cfg.c **** * Return:
 119:Generated_Source\PSoC4/cyfitter_cfg.c **** *   void
 120:Generated_Source\PSoC4/cyfitter_cfg.c **** *
 121:Generated_Source\PSoC4/cyfitter_cfg.c **** *******************************************************************************/
 122:Generated_Source\PSoC4/cyfitter_cfg.c **** CY_CFG_UNUSED
 123:Generated_Source\PSoC4/cyfitter_cfg.c **** static void CyClockStartupError(uint8 errorCode);
 124:Generated_Source\PSoC4/cyfitter_cfg.c **** CY_CFG_UNUSED
 125:Generated_Source\PSoC4/cyfitter_cfg.c **** static void CyClockStartupError(uint8 errorCode)
 126:Generated_Source\PSoC4/cyfitter_cfg.c **** {
 127:Generated_Source\PSoC4/cyfitter_cfg.c ****     /* To remove the compiler warning if errorCode not used.                */
 128:Generated_Source\PSoC4/cyfitter_cfg.c ****     errorCode = errorCode;
 129:Generated_Source\PSoC4/cyfitter_cfg.c **** 
 130:Generated_Source\PSoC4/cyfitter_cfg.c ****     /* If we have a clock startup error (bad MHz crystal, PLL lock, etc.),  */
 131:Generated_Source\PSoC4/cyfitter_cfg.c ****     /* we will end up here to allow the customer to implement something to  */
 132:Generated_Source\PSoC4/cyfitter_cfg.c ****     /* deal with the clock condition.                                       */
 133:Generated_Source\PSoC4/cyfitter_cfg.c **** 
 134:Generated_Source\PSoC4/cyfitter_cfg.c **** #ifdef CY_CFG_CLOCK_STARTUP_ERROR_CALLBACK
 135:Generated_Source\PSoC4/cyfitter_cfg.c ****     CY_CFG_Clock_Startup_ErrorCallback();
 136:Generated_Source\PSoC4/cyfitter_cfg.c **** #else
 137:Generated_Source\PSoC4/cyfitter_cfg.c ****     /*  If not using CY_CFG_CLOCK_STARTUP_ERROR_CALLBACK, place your clock startup code here. */
 138:Generated_Source\PSoC4/cyfitter_cfg.c ****     /* `#START CyClockStartupError` */
 139:Generated_Source\PSoC4/cyfitter_cfg.c **** 
 140:Generated_Source\PSoC4/cyfitter_cfg.c **** 
 141:Generated_Source\PSoC4/cyfitter_cfg.c **** 
 142:Generated_Source\PSoC4/cyfitter_cfg.c ****     /* `#END` */
 143:Generated_Source\PSoC4/cyfitter_cfg.c **** 
 144:Generated_Source\PSoC4/cyfitter_cfg.c ****     while(1) {}
 145:Generated_Source\PSoC4/cyfitter_cfg.c **** #endif /* CY_CFG_CLOCK_STARTUP_ERROR_CALLBACK */
ARM GAS  C:\Users\Asus\AppData\Local\Temp\ccedlzEh.s 			page 4


 146:Generated_Source\PSoC4/cyfitter_cfg.c **** }
 147:Generated_Source\PSoC4/cyfitter_cfg.c **** #endif
 148:Generated_Source\PSoC4/cyfitter_cfg.c **** 
 149:Generated_Source\PSoC4/cyfitter_cfg.c **** 
 150:Generated_Source\PSoC4/cyfitter_cfg.c **** 
 151:Generated_Source\PSoC4/cyfitter_cfg.c **** /*******************************************************************************
 152:Generated_Source\PSoC4/cyfitter_cfg.c **** * Function Name: ClockSetup
 153:Generated_Source\PSoC4/cyfitter_cfg.c **** ********************************************************************************
 154:Generated_Source\PSoC4/cyfitter_cfg.c **** *
 155:Generated_Source\PSoC4/cyfitter_cfg.c **** * Summary:
 156:Generated_Source\PSoC4/cyfitter_cfg.c **** *   Performs the initialization of all of the clocks in the device based on the
 157:Generated_Source\PSoC4/cyfitter_cfg.c **** *   settings in the Clock tab of the DWR.  This includes enabling the requested
 158:Generated_Source\PSoC4/cyfitter_cfg.c **** *   clocks and setting the necessary dividers to produce the desired frequency. 
 159:Generated_Source\PSoC4/cyfitter_cfg.c **** *
 160:Generated_Source\PSoC4/cyfitter_cfg.c **** * Parameters:
 161:Generated_Source\PSoC4/cyfitter_cfg.c **** *   void
 162:Generated_Source\PSoC4/cyfitter_cfg.c **** *
 163:Generated_Source\PSoC4/cyfitter_cfg.c **** * Return:
 164:Generated_Source\PSoC4/cyfitter_cfg.c **** *   void
 165:Generated_Source\PSoC4/cyfitter_cfg.c **** *
 166:Generated_Source\PSoC4/cyfitter_cfg.c **** *******************************************************************************/
 167:Generated_Source\PSoC4/cyfitter_cfg.c **** static void ClockSetup(void);
 168:Generated_Source\PSoC4/cyfitter_cfg.c **** CY_CFG_SECTION
 169:Generated_Source\PSoC4/cyfitter_cfg.c **** static void ClockSetup(void)
 170:Generated_Source\PSoC4/cyfitter_cfg.c **** {
  27              		.loc 1 170 0
  28              		.cfi_startproc
  29              		@ args = 0, pretend = 0, frame = 0
  30              		@ frame_needed = 0, uses_anonymous_args = 0
  31 0000 10B5     		push	{r4, lr}
  32              		.cfi_def_cfa_offset 8
  33              		.cfi_offset 4, -8
  34              		.cfi_offset 14, -4
 171:Generated_Source\PSoC4/cyfitter_cfg.c **** 
 172:Generated_Source\PSoC4/cyfitter_cfg.c **** 	/* Set Flash Cycles based on max possible frequency in case a glitch occurs during ClockSetup(). *
 173:Generated_Source\PSoC4/cyfitter_cfg.c **** 	CY_SET_REG32((void CYXDATA *)(CYREG_CPUSS_FLASH_CTL), (0x0012u));
  35              		.loc 1 173 0
  36 0002 124C     		ldr	r4, .L2
  37 0004 1223     		movs	r3, #18
  38 0006 2360     		str	r3, [r4]
 174:Generated_Source\PSoC4/cyfitter_cfg.c **** 	/* Update IMO to new clock speed. */
 175:Generated_Source\PSoC4/cyfitter_cfg.c **** 	CySysClkWriteImoFreq(24u);
  39              		.loc 1 175 0
  40 0008 1820     		movs	r0, #24
  41 000a FFF7FEFF 		bl	CySysClkWriteImoFreq
  42              	.LVL0:
 176:Generated_Source\PSoC4/cyfitter_cfg.c **** 
 177:Generated_Source\PSoC4/cyfitter_cfg.c **** 	/* Setup phase aligned clocks */
 178:Generated_Source\PSoC4/cyfitter_cfg.c **** 	CY_SET_REG32((void *)CYREG_PERI_DIV_16_CTL0, 0x0000FE00u);
  43              		.loc 1 178 0
  44 000e FE22     		movs	r2, #254
  45 0010 1202     		lsls	r2, r2, #8
  46 0012 0F4B     		ldr	r3, .L2+4
  47 0014 1A60     		str	r2, [r3]
 179:Generated_Source\PSoC4/cyfitter_cfg.c **** 	CY_SET_REG32((void *)CYREG_PERI_DIV_CMD, 0x8000FF40u);
  48              		.loc 1 179 0
  49 0016 0F4B     		ldr	r3, .L2+8
ARM GAS  C:\Users\Asus\AppData\Local\Temp\ccedlzEh.s 			page 5


  50 0018 0F4A     		ldr	r2, .L2+12
  51 001a 1A60     		str	r2, [r3]
 180:Generated_Source\PSoC4/cyfitter_cfg.c **** 	CY_SET_REG32((void *)CYREG_PERI_DIV_16_CTL1, 0x00000D00u);
  52              		.loc 1 180 0
  53 001c D021     		movs	r1, #208
  54 001e 0901     		lsls	r1, r1, #4
  55 0020 0E4A     		ldr	r2, .L2+16
  56 0022 1160     		str	r1, [r2]
 181:Generated_Source\PSoC4/cyfitter_cfg.c **** 	CY_SET_REG32((void *)CYREG_PERI_DIV_CMD, 0x8000FF41u);
  57              		.loc 1 181 0
  58 0024 0E4A     		ldr	r2, .L2+20
  59 0026 1A60     		str	r2, [r3]
 182:Generated_Source\PSoC4/cyfitter_cfg.c **** 
 183:Generated_Source\PSoC4/cyfitter_cfg.c **** 	/* CYDEV_CLK_SELECT Starting address: CYDEV_CLK_SELECT */
 184:Generated_Source\PSoC4/cyfitter_cfg.c **** 	CY_SET_REG32((void *)(CYREG_CLK_SELECT), 0x00000000u);
  60              		.loc 1 184 0
  61 0028 0023     		movs	r3, #0
  62 002a 0E4A     		ldr	r2, .L2+24
  63 002c 1360     		str	r3, [r2]
 185:Generated_Source\PSoC4/cyfitter_cfg.c **** 
 186:Generated_Source\PSoC4/cyfitter_cfg.c **** 	/* CYDEV_PERI_PCLK_CTL3 Starting address: CYDEV_PERI_PCLK_CTL3 */
 187:Generated_Source\PSoC4/cyfitter_cfg.c **** 	CY_SET_REG32((void *)(CYREG_PERI_PCLK_CTL3), 0x00000040u);
  64              		.loc 1 187 0
  65 002e 4021     		movs	r1, #64
  66 0030 0D4A     		ldr	r2, .L2+28
  67 0032 1160     		str	r1, [r2]
 188:Generated_Source\PSoC4/cyfitter_cfg.c **** 
 189:Generated_Source\PSoC4/cyfitter_cfg.c **** 	/* CYDEV_PERI_PCLK_CTL1 Starting address: CYDEV_PERI_PCLK_CTL1 */
 190:Generated_Source\PSoC4/cyfitter_cfg.c **** 	CY_SET_REG32((void *)(CYREG_PERI_PCLK_CTL1), 0x00000041u);
  68              		.loc 1 190 0
  69 0034 0131     		adds	r1, r1, #1
  70 0036 0D4A     		ldr	r2, .L2+32
  71 0038 1160     		str	r1, [r2]
 191:Generated_Source\PSoC4/cyfitter_cfg.c **** 
 192:Generated_Source\PSoC4/cyfitter_cfg.c **** 	CY_SET_REG32((void *)(CYREG_WCO_WDT_CONFIG), 0x00000000u);
  72              		.loc 1 192 0
  73 003a 0D4A     		ldr	r2, .L2+36
  74 003c 1360     		str	r3, [r2]
 193:Generated_Source\PSoC4/cyfitter_cfg.c **** 	CySysClkSetTimerSource(CY_SYS_CLK_TIMER_SRC_ILO);
  75              		.loc 1 193 0
  76 003e 0020     		movs	r0, #0
  77 0040 FFF7FEFF 		bl	CySysClkSetTimerSource
  78              	.LVL1:
 194:Generated_Source\PSoC4/cyfitter_cfg.c **** 	/* Set Flash Cycles based on newly configured 24.00MHz HFCLK. */
 195:Generated_Source\PSoC4/cyfitter_cfg.c **** 	CY_SET_REG32((void CYXDATA *)(CYREG_CPUSS_FLASH_CTL), (0x0011u));
  79              		.loc 1 195 0
  80 0044 1123     		movs	r3, #17
  81 0046 2360     		str	r3, [r4]
 196:Generated_Source\PSoC4/cyfitter_cfg.c **** }
  82              		.loc 1 196 0
  83              		@ sp needed
  84 0048 10BD     		pop	{r4, pc}
  85              	.L3:
  86 004a C046     		.align	2
  87              	.L2:
  88 004c 30001040 		.word	1074790448
  89 0050 00030140 		.word	1073808128
ARM GAS  C:\Users\Asus\AppData\Local\Temp\ccedlzEh.s 			page 6


  90 0054 00000140 		.word	1073807360
  91 0058 40FF0080 		.word	-2147418304
  92 005c 04030140 		.word	1073808132
  93 0060 41FF0080 		.word	-2147418303
  94 0064 28000340 		.word	1073938472
  95 0068 0C010140 		.word	1073807628
  96 006c 04010140 		.word	1073807620
  97 0070 0C020740 		.word	1074201100
  98              		.cfi_endproc
  99              	.LFE4:
 100              		.size	ClockSetup, .-ClockSetup
 101              		.section	.text.SetAnalogRoutingPumps,"ax",%progbits
 102              		.align	2
 103              		.global	SetAnalogRoutingPumps
 104              		.code	16
 105              		.thumb_func
 106              		.type	SetAnalogRoutingPumps, %function
 107              	SetAnalogRoutingPumps:
 108              	.LFB6:
 197:Generated_Source\PSoC4/cyfitter_cfg.c **** 
 198:Generated_Source\PSoC4/cyfitter_cfg.c **** 
 199:Generated_Source\PSoC4/cyfitter_cfg.c **** /* Analog API Functions */
 200:Generated_Source\PSoC4/cyfitter_cfg.c **** 
 201:Generated_Source\PSoC4/cyfitter_cfg.c **** 
 202:Generated_Source\PSoC4/cyfitter_cfg.c **** /*******************************************************************************
 203:Generated_Source\PSoC4/cyfitter_cfg.c **** * Function Name: AnalogSetDefault
 204:Generated_Source\PSoC4/cyfitter_cfg.c **** ********************************************************************************
 205:Generated_Source\PSoC4/cyfitter_cfg.c **** *
 206:Generated_Source\PSoC4/cyfitter_cfg.c **** * Summary:
 207:Generated_Source\PSoC4/cyfitter_cfg.c **** *  Sets up the analog portions of the chip to default values based on chip
 208:Generated_Source\PSoC4/cyfitter_cfg.c **** *  configuration options from the project.
 209:Generated_Source\PSoC4/cyfitter_cfg.c **** *
 210:Generated_Source\PSoC4/cyfitter_cfg.c **** * Parameters:
 211:Generated_Source\PSoC4/cyfitter_cfg.c **** *  void
 212:Generated_Source\PSoC4/cyfitter_cfg.c **** *
 213:Generated_Source\PSoC4/cyfitter_cfg.c **** * Return:
 214:Generated_Source\PSoC4/cyfitter_cfg.c **** *  void
 215:Generated_Source\PSoC4/cyfitter_cfg.c **** *
 216:Generated_Source\PSoC4/cyfitter_cfg.c **** *******************************************************************************/
 217:Generated_Source\PSoC4/cyfitter_cfg.c **** static void AnalogSetDefault(void);
 218:Generated_Source\PSoC4/cyfitter_cfg.c **** static void AnalogSetDefault(void)
 219:Generated_Source\PSoC4/cyfitter_cfg.c **** {
 220:Generated_Source\PSoC4/cyfitter_cfg.c **** 	CY_SET_XTND_REG32((void CYFAR *)CYREG_HSIOM_AMUX_SPLIT_CTL0, 0x00000033u);
 221:Generated_Source\PSoC4/cyfitter_cfg.c **** 	CY_SET_XTND_REG32((void CYFAR *)CYREG_CTBM0_DFT_CTRL, 0x00000003u);
 222:Generated_Source\PSoC4/cyfitter_cfg.c **** 	CY_SET_XTND_REG32((void CYFAR *)CYREG_PASS_DSAB_DSAB_CTRL, 0x00000020u);
 223:Generated_Source\PSoC4/cyfitter_cfg.c **** 	SetAnalogRoutingPumps(1);
 224:Generated_Source\PSoC4/cyfitter_cfg.c **** }
 225:Generated_Source\PSoC4/cyfitter_cfg.c **** 
 226:Generated_Source\PSoC4/cyfitter_cfg.c **** 
 227:Generated_Source\PSoC4/cyfitter_cfg.c **** /*******************************************************************************
 228:Generated_Source\PSoC4/cyfitter_cfg.c **** * Function Name: SetAnalogRoutingPumps
 229:Generated_Source\PSoC4/cyfitter_cfg.c **** ********************************************************************************
 230:Generated_Source\PSoC4/cyfitter_cfg.c **** *
 231:Generated_Source\PSoC4/cyfitter_cfg.c **** * Summary:
 232:Generated_Source\PSoC4/cyfitter_cfg.c **** * Enables or disables the analog pumps feeding analog routing switches.
 233:Generated_Source\PSoC4/cyfitter_cfg.c **** * Intended to be called at startup, based on the Vdda system configuration;
 234:Generated_Source\PSoC4/cyfitter_cfg.c **** * may be called during operation when the user informs us that the Vdda voltage crossed the pump th
ARM GAS  C:\Users\Asus\AppData\Local\Temp\ccedlzEh.s 			page 7


 235:Generated_Source\PSoC4/cyfitter_cfg.c **** *
 236:Generated_Source\PSoC4/cyfitter_cfg.c **** * Parameters:
 237:Generated_Source\PSoC4/cyfitter_cfg.c **** *  enabled - 1 to enable the pumps, 0 to disable the pumps
 238:Generated_Source\PSoC4/cyfitter_cfg.c **** *
 239:Generated_Source\PSoC4/cyfitter_cfg.c **** * Return:
 240:Generated_Source\PSoC4/cyfitter_cfg.c **** *  void
 241:Generated_Source\PSoC4/cyfitter_cfg.c **** *
 242:Generated_Source\PSoC4/cyfitter_cfg.c **** *******************************************************************************/
 243:Generated_Source\PSoC4/cyfitter_cfg.c **** void SetAnalogRoutingPumps(uint8 enabled)
 244:Generated_Source\PSoC4/cyfitter_cfg.c **** {
 109              		.loc 1 244 0
 110              		.cfi_startproc
 111              		@ args = 0, pretend = 0, frame = 0
 112              		@ frame_needed = 0, uses_anonymous_args = 0
 113              		@ link register save eliminated.
 114              	.LVL2:
 245:Generated_Source\PSoC4/cyfitter_cfg.c **** 	uint32 regValue = CY_GET_XTND_REG32((void *)(CYREG_SAR_PUMP_CTRL));
 115              		.loc 1 245 0
 116 0000 0B4B     		ldr	r3, .L9
 117 0002 1B68     		ldr	r3, [r3]
 118              	.LVL3:
 246:Generated_Source\PSoC4/cyfitter_cfg.c **** 	if (enabled != 0u)
 119              		.loc 1 246 0
 120 0004 0028     		cmp	r0, #0
 121 0006 03D0     		beq	.L5
 247:Generated_Source\PSoC4/cyfitter_cfg.c **** 	{
 248:Generated_Source\PSoC4/cyfitter_cfg.c **** 		regValue |= 0x80000000u;
 122              		.loc 1 248 0
 123 0008 8022     		movs	r2, #128
 124 000a 1206     		lsls	r2, r2, #24
 125 000c 1343     		orrs	r3, r2
 126              	.LVL4:
 127 000e 01E0     		b	.L6
 128              	.L5:
 249:Generated_Source\PSoC4/cyfitter_cfg.c **** 	}
 250:Generated_Source\PSoC4/cyfitter_cfg.c **** 	else
 251:Generated_Source\PSoC4/cyfitter_cfg.c **** 	{
 252:Generated_Source\PSoC4/cyfitter_cfg.c **** 		regValue &= ~0x80000000u;
 129              		.loc 1 252 0
 130 0010 5B00     		lsls	r3, r3, #1
 131              	.LVL5:
 132 0012 5B08     		lsrs	r3, r3, #1
 133              	.LVL6:
 134              	.L6:
 253:Generated_Source\PSoC4/cyfitter_cfg.c **** 	}
 254:Generated_Source\PSoC4/cyfitter_cfg.c **** 	CY_SET_XTND_REG32((void *)(CYREG_SAR_PUMP_CTRL), regValue);
 135              		.loc 1 254 0
 136 0014 064A     		ldr	r2, .L9
 137 0016 1360     		str	r3, [r2]
 255:Generated_Source\PSoC4/cyfitter_cfg.c **** 	regValue = CY_GET_XTND_REG32((void *)(CYREG_CLK_SELECT));
 138              		.loc 1 255 0
 139 0018 064B     		ldr	r3, .L9+4
 140              	.LVL7:
 141 001a 1B68     		ldr	r3, [r3]
 142              	.LVL8:
 256:Generated_Source\PSoC4/cyfitter_cfg.c **** 	if (enabled != 0u)
 143              		.loc 1 256 0
ARM GAS  C:\Users\Asus\AppData\Local\Temp\ccedlzEh.s 			page 8


 144 001c 0028     		cmp	r0, #0
 145 001e 02D0     		beq	.L7
 257:Generated_Source\PSoC4/cyfitter_cfg.c **** 	{
 258:Generated_Source\PSoC4/cyfitter_cfg.c **** 		regValue |= 0x00000020u;
 146              		.loc 1 258 0
 147 0020 2022     		movs	r2, #32
 148 0022 1343     		orrs	r3, r2
 149              	.LVL9:
 150 0024 01E0     		b	.L8
 151              	.L7:
 259:Generated_Source\PSoC4/cyfitter_cfg.c **** 	}
 260:Generated_Source\PSoC4/cyfitter_cfg.c **** 	else
 261:Generated_Source\PSoC4/cyfitter_cfg.c **** 	{
 262:Generated_Source\PSoC4/cyfitter_cfg.c **** 		regValue &= ~0x00000020u;
 152              		.loc 1 262 0
 153 0026 2022     		movs	r2, #32
 154 0028 9343     		bics	r3, r2
 155              	.LVL10:
 156              	.L8:
 263:Generated_Source\PSoC4/cyfitter_cfg.c **** 	}
 264:Generated_Source\PSoC4/cyfitter_cfg.c **** 	CY_SET_XTND_REG32((void *)(CYREG_CLK_SELECT), regValue);
 157              		.loc 1 264 0
 158 002a 024A     		ldr	r2, .L9+4
 159 002c 1360     		str	r3, [r2]
 265:Generated_Source\PSoC4/cyfitter_cfg.c **** }
 160              		.loc 1 265 0
 161              		@ sp needed
 162 002e 7047     		bx	lr
 163              	.L10:
 164              		.align	2
 165              	.L9:
 166 0030 80033A40 		.word	1077543808
 167 0034 28000340 		.word	1073938472
 168              		.cfi_endproc
 169              	.LFE6:
 170              		.size	SetAnalogRoutingPumps, .-SetAnalogRoutingPumps
 171              		.section	.text.AnalogSetDefault,"ax",%progbits
 172              		.align	2
 173              		.code	16
 174              		.thumb_func
 175              		.type	AnalogSetDefault, %function
 176              	AnalogSetDefault:
 177              	.LFB5:
 219:Generated_Source\PSoC4/cyfitter_cfg.c **** 	CY_SET_XTND_REG32((void CYFAR *)CYREG_HSIOM_AMUX_SPLIT_CTL0, 0x00000033u);
 178              		.loc 1 219 0
 179              		.cfi_startproc
 180              		@ args = 0, pretend = 0, frame = 0
 181              		@ frame_needed = 0, uses_anonymous_args = 0
 182 0000 10B5     		push	{r4, lr}
 183              		.cfi_def_cfa_offset 8
 184              		.cfi_offset 4, -8
 185              		.cfi_offset 14, -4
 220:Generated_Source\PSoC4/cyfitter_cfg.c **** 	CY_SET_XTND_REG32((void CYFAR *)CYREG_CTBM0_DFT_CTRL, 0x00000003u);
 186              		.loc 1 220 0
 187 0002 3322     		movs	r2, #51
 188 0004 054B     		ldr	r3, .L12
 189 0006 1A60     		str	r2, [r3]
ARM GAS  C:\Users\Asus\AppData\Local\Temp\ccedlzEh.s 			page 9


 221:Generated_Source\PSoC4/cyfitter_cfg.c **** 	CY_SET_XTND_REG32((void CYFAR *)CYREG_PASS_DSAB_DSAB_CTRL, 0x00000020u);
 190              		.loc 1 221 0
 191 0008 303A     		subs	r2, r2, #48
 192 000a 054B     		ldr	r3, .L12+4
 193 000c 1A60     		str	r2, [r3]
 222:Generated_Source\PSoC4/cyfitter_cfg.c **** 	SetAnalogRoutingPumps(1);
 194              		.loc 1 222 0
 195 000e 1D32     		adds	r2, r2, #29
 196 0010 044B     		ldr	r3, .L12+8
 197 0012 1A60     		str	r2, [r3]
 223:Generated_Source\PSoC4/cyfitter_cfg.c **** }
 198              		.loc 1 223 0
 199 0014 0120     		movs	r0, #1
 200 0016 FFF7FEFF 		bl	SetAnalogRoutingPumps
 201              	.LVL11:
 224:Generated_Source\PSoC4/cyfitter_cfg.c **** 
 202              		.loc 1 224 0
 203              		@ sp needed
 204 001a 10BD     		pop	{r4, pc}
 205              	.L13:
 206              		.align	2
 207              	.L12:
 208 001c 00210240 		.word	1073881344
 209 0020 30003040 		.word	1076887600
 210 0024 000E3F40 		.word	1077874176
 211              		.cfi_endproc
 212              	.LFE5:
 213              		.size	AnalogSetDefault, .-AnalogSetDefault
 214              		.section	.psocinit
 215              		.align	2
 216              		.global	cyfitter_cfg
 217              		.code	16
 218              		.thumb_func
 219              		.type	cyfitter_cfg, %function
 220              	cyfitter_cfg:
 221              	.LFB7:
 266:Generated_Source\PSoC4/cyfitter_cfg.c **** 
 267:Generated_Source\PSoC4/cyfitter_cfg.c **** 
 268:Generated_Source\PSoC4/cyfitter_cfg.c **** #define CY_AMUX_UNUSED CYREG_CM0P_ROM_DWT
 269:Generated_Source\PSoC4/cyfitter_cfg.c **** 
 270:Generated_Source\PSoC4/cyfitter_cfg.c **** 
 271:Generated_Source\PSoC4/cyfitter_cfg.c **** /*******************************************************************************
 272:Generated_Source\PSoC4/cyfitter_cfg.c **** * Function Name: cyfitter_cfg
 273:Generated_Source\PSoC4/cyfitter_cfg.c **** ********************************************************************************
 274:Generated_Source\PSoC4/cyfitter_cfg.c **** * Summary:
 275:Generated_Source\PSoC4/cyfitter_cfg.c **** *  This function is called by the start-up code for the selected device. It
 276:Generated_Source\PSoC4/cyfitter_cfg.c **** *  performs all of the necessary device configuration based on the design
 277:Generated_Source\PSoC4/cyfitter_cfg.c **** *  settings.  This includes settings from the Design Wide Resources (DWR) such
 278:Generated_Source\PSoC4/cyfitter_cfg.c **** *  as Clocks and Pins as well as any component configuration that is necessary.
 279:Generated_Source\PSoC4/cyfitter_cfg.c **** *
 280:Generated_Source\PSoC4/cyfitter_cfg.c **** * Parameters:
 281:Generated_Source\PSoC4/cyfitter_cfg.c **** *   void
 282:Generated_Source\PSoC4/cyfitter_cfg.c **** *
 283:Generated_Source\PSoC4/cyfitter_cfg.c **** * Return:
 284:Generated_Source\PSoC4/cyfitter_cfg.c **** *   void
 285:Generated_Source\PSoC4/cyfitter_cfg.c **** *
 286:Generated_Source\PSoC4/cyfitter_cfg.c **** *******************************************************************************/
ARM GAS  C:\Users\Asus\AppData\Local\Temp\ccedlzEh.s 			page 10


 287:Generated_Source\PSoC4/cyfitter_cfg.c **** CY_CFG_SECTION
 288:Generated_Source\PSoC4/cyfitter_cfg.c **** void cyfitter_cfg(void)
 289:Generated_Source\PSoC4/cyfitter_cfg.c **** {
 222              		.loc 1 289 0
 223              		.cfi_startproc
 224              		@ args = 0, pretend = 0, frame = 0
 225              		@ frame_needed = 0, uses_anonymous_args = 0
 226 0074 10B5     		push	{r4, lr}
 227              		.cfi_def_cfa_offset 8
 228              		.cfi_offset 4, -8
 229              		.cfi_offset 14, -4
 290:Generated_Source\PSoC4/cyfitter_cfg.c **** 	/* Disable interrupts by default. Let user enable if/when they want. */
 291:Generated_Source\PSoC4/cyfitter_cfg.c **** 	CyGlobalIntDisable;
 230              		.loc 1 291 0
 231              		.syntax divided
 232              	@ 291 "Generated_Source\PSoC4\cyfitter_cfg.c" 1
 233 0076 72B6     		CPSID   i
 234              	@ 0 "" 2
 292:Generated_Source\PSoC4/cyfitter_cfg.c **** 
 293:Generated_Source\PSoC4/cyfitter_cfg.c **** 	{
 294:Generated_Source\PSoC4/cyfitter_cfg.c **** 		/* HSIOM Starting address: CYDEV_HSIOM_BASE */
 295:Generated_Source\PSoC4/cyfitter_cfg.c **** 		CY_SET_REG32((void *)(CYREG_HSIOM_PORT_SEL3), 0x000000EEu);
 235              		.loc 1 295 0
 236              		.thumb
 237              		.syntax unified
 238 0078 EE22     		movs	r2, #238
 239 007a 134B     		ldr	r3, .L15
 240 007c 1A60     		str	r2, [r3]
 296:Generated_Source\PSoC4/cyfitter_cfg.c **** 
 297:Generated_Source\PSoC4/cyfitter_cfg.c **** 	}
 298:Generated_Source\PSoC4/cyfitter_cfg.c **** 
 299:Generated_Source\PSoC4/cyfitter_cfg.c **** 	/* Perform second pass device configuration. These items must be configured in specific order afte
 300:Generated_Source\PSoC4/cyfitter_cfg.c **** 	/* IOPINS0_0 Starting address: CYDEV_GPIO_PRT0_BASE */
 301:Generated_Source\PSoC4/cyfitter_cfg.c **** 	CY_SET_REG32((void *)(CYDEV_GPIO_PRT0_BASE), 0x0000004Fu);
 241              		.loc 1 301 0
 242 007e 4F23     		movs	r3, #79
 243 0080 124A     		ldr	r2, .L15+4
 244 0082 1360     		str	r3, [r2]
 302:Generated_Source\PSoC4/cyfitter_cfg.c **** 	CY_SET_REG32((void *)(CYREG_GPIO_PRT0_PC2), 0x0000004Fu);
 245              		.loc 1 302 0
 246 0084 124A     		ldr	r2, .L15+8
 247 0086 1360     		str	r3, [r2]
 303:Generated_Source\PSoC4/cyfitter_cfg.c **** 
 304:Generated_Source\PSoC4/cyfitter_cfg.c **** 	/* IOPINS0_1 Starting address: CYDEV_GPIO_PRT1_BASE */
 305:Generated_Source\PSoC4/cyfitter_cfg.c **** 	CY_SET_REG32((void *)(CYDEV_GPIO_PRT1_BASE), 0x0000003Fu);
 248              		.loc 1 305 0
 249 0088 3F22     		movs	r2, #63
 250 008a 124B     		ldr	r3, .L15+12
 251 008c 1A60     		str	r2, [r3]
 306:Generated_Source\PSoC4/cyfitter_cfg.c **** 	CY_SET_REG32((void *)(CYREG_GPIO_PRT1_PC), 0x00180000u);
 252              		.loc 1 306 0
 253 008e C022     		movs	r2, #192
 254 0090 5203     		lsls	r2, r2, #13
 255 0092 114B     		ldr	r3, .L15+16
 256 0094 1A60     		str	r2, [r3]
 307:Generated_Source\PSoC4/cyfitter_cfg.c **** 	CY_SET_REG32((void *)(CYREG_GPIO_PRT1_PC2), 0x000000BFu);
 257              		.loc 1 307 0
ARM GAS  C:\Users\Asus\AppData\Local\Temp\ccedlzEh.s 			page 11


 258 0096 BF22     		movs	r2, #191
 259 0098 104B     		ldr	r3, .L15+20
 260 009a 1A60     		str	r2, [r3]
 308:Generated_Source\PSoC4/cyfitter_cfg.c **** 
 309:Generated_Source\PSoC4/cyfitter_cfg.c **** 	/* IOPINS0_2 Starting address: CYDEV_GPIO_PRT2_BASE */
 310:Generated_Source\PSoC4/cyfitter_cfg.c **** 	CY_SET_REG32((void *)(CYDEV_GPIO_PRT2_BASE), 0x0000000Fu);
 261              		.loc 1 310 0
 262 009c 0F23     		movs	r3, #15
 263 009e 104A     		ldr	r2, .L15+24
 264 00a0 1360     		str	r3, [r2]
 311:Generated_Source\PSoC4/cyfitter_cfg.c **** 	CY_SET_REG32((void *)(CYREG_GPIO_PRT2_PC2), 0x0000000Fu);
 265              		.loc 1 311 0
 266 00a2 104A     		ldr	r2, .L15+28
 267 00a4 1360     		str	r3, [r2]
 312:Generated_Source\PSoC4/cyfitter_cfg.c **** 
 313:Generated_Source\PSoC4/cyfitter_cfg.c **** 	/* IOPINS0_3 Starting address: CYDEV_GPIO_PRT3_BASE */
 314:Generated_Source\PSoC4/cyfitter_cfg.c **** 	CY_SET_REG32((void *)(CYDEV_GPIO_PRT3_BASE), 0x00000013u);
 268              		.loc 1 314 0
 269 00a6 1322     		movs	r2, #19
 270 00a8 0F4B     		ldr	r3, .L15+32
 271 00aa 1A60     		str	r2, [r3]
 315:Generated_Source\PSoC4/cyfitter_cfg.c **** 	CY_SET_REG32((void *)(CYREG_GPIO_PRT3_PC), 0x00006024u);
 272              		.loc 1 315 0
 273 00ac 0F4A     		ldr	r2, .L15+36
 274 00ae 104B     		ldr	r3, .L15+40
 275 00b0 1A60     		str	r2, [r3]
 316:Generated_Source\PSoC4/cyfitter_cfg.c **** 	CY_SET_REG32((void *)(CYREG_GPIO_PRT3_PC2), 0x00000020u);
 276              		.loc 1 316 0
 277 00b2 2022     		movs	r2, #32
 278 00b4 0F4B     		ldr	r3, .L15+44
 279 00b6 1A60     		str	r2, [r3]
 317:Generated_Source\PSoC4/cyfitter_cfg.c **** 
 318:Generated_Source\PSoC4/cyfitter_cfg.c **** 	/* IOPINS0_4 Starting address: CYDEV_GPIO_PRT4_BASE */
 319:Generated_Source\PSoC4/cyfitter_cfg.c **** 	CY_SET_REG32((void *)(CYREG_GPIO_PRT4_PC2), 0x00000002u);
 280              		.loc 1 319 0
 281 00b8 1E3A     		subs	r2, r2, #30
 282 00ba 0F4B     		ldr	r3, .L15+48
 283 00bc 1A60     		str	r2, [r3]
 320:Generated_Source\PSoC4/cyfitter_cfg.c **** 
 321:Generated_Source\PSoC4/cyfitter_cfg.c **** 
 322:Generated_Source\PSoC4/cyfitter_cfg.c **** 	/* Setup clocks based on selections from Clock DWR */
 323:Generated_Source\PSoC4/cyfitter_cfg.c **** 	ClockSetup();
 284              		.loc 1 323 0
 285 00be FFF79FFF 		bl	ClockSetup
 286              	.LVL12:
 324:Generated_Source\PSoC4/cyfitter_cfg.c **** 
 325:Generated_Source\PSoC4/cyfitter_cfg.c **** 	/* Perform basic analog initialization to defaults */
 326:Generated_Source\PSoC4/cyfitter_cfg.c **** 	AnalogSetDefault();
 287              		.loc 1 326 0
 288 00c2 FFF7FEFF 		bl	AnalogSetDefault
 289              	.LVL13:
 327:Generated_Source\PSoC4/cyfitter_cfg.c **** 
 328:Generated_Source\PSoC4/cyfitter_cfg.c **** }
 290              		.loc 1 328 0
 291              		@ sp needed
 292 00c6 10BD     		pop	{r4, pc}
 293              	.L16:
ARM GAS  C:\Users\Asus\AppData\Local\Temp\ccedlzEh.s 			page 12


 294              		.align	2
 295              	.L15:
 296 00c8 00030240 		.word	1073873664
 297 00cc 00000440 		.word	1074003968
 298 00d0 18000440 		.word	1074003992
 299 00d4 00010440 		.word	1074004224
 300 00d8 08010440 		.word	1074004232
 301 00dc 18010440 		.word	1074004248
 302 00e0 00020440 		.word	1074004480
 303 00e4 18020440 		.word	1074004504
 304 00e8 00030440 		.word	1074004736
 305 00ec 24600000 		.word	24612
 306 00f0 08030440 		.word	1074004744
 307 00f4 18030440 		.word	1074004760
 308 00f8 18040440 		.word	1074005016
 309              		.cfi_endproc
 310              	.LFE7:
 311              		.size	cyfitter_cfg, .-cyfitter_cfg
 312              		.text
 313              	.Letext0:
 314              		.file 2 "Generated_Source\\PSoC4\\cytypes.h"
 315              		.file 3 "Generated_Source\\PSoC4\\CyLib.h"
 316              		.file 4 "Generated_Source\\PSoC4\\CyLFClk.h"
 317              		.section	.debug_info,"",%progbits
 318              	.Ldebug_info0:
 319 0000 82010000 		.4byte	0x182
 320 0004 0400     		.2byte	0x4
 321 0006 00000000 		.4byte	.Ldebug_abbrev0
 322 000a 04       		.byte	0x4
 323 000b 01       		.uleb128 0x1
 324 000c 60010000 		.4byte	.LASF23
 325 0010 0C       		.byte	0xc
 326 0011 15000000 		.4byte	.LASF24
 327 0015 F2010000 		.4byte	.LASF25
 328 0019 00000000 		.4byte	.Ldebug_ranges0+0
 329 001d 00000000 		.4byte	0
 330 0021 00000000 		.4byte	.Ldebug_line0
 331 0025 02       		.uleb128 0x2
 332 0026 04       		.byte	0x4
 333 0027 05       		.byte	0x5
 334 0028 696E7400 		.ascii	"int\000"
 335 002c 03       		.uleb128 0x3
 336 002d 04       		.byte	0x4
 337 002e 07       		.byte	0x7
 338 002f 3B000000 		.4byte	.LASF0
 339 0033 03       		.uleb128 0x3
 340 0034 08       		.byte	0x8
 341 0035 05       		.byte	0x5
 342 0036 00000000 		.4byte	.LASF1
 343 003a 03       		.uleb128 0x3
 344 003b 08       		.byte	0x8
 345 003c 04       		.byte	0x4
 346 003d 39010000 		.4byte	.LASF2
 347 0041 03       		.uleb128 0x3
 348 0042 01       		.byte	0x1
 349 0043 06       		.byte	0x6
 350 0044 2D010000 		.4byte	.LASF3
ARM GAS  C:\Users\Asus\AppData\Local\Temp\ccedlzEh.s 			page 13


 351 0048 03       		.uleb128 0x3
 352 0049 01       		.byte	0x1
 353 004a 08       		.byte	0x8
 354 004b B5000000 		.4byte	.LASF4
 355 004f 03       		.uleb128 0x3
 356 0050 02       		.byte	0x2
 357 0051 05       		.byte	0x5
 358 0052 56010000 		.4byte	.LASF5
 359 0056 03       		.uleb128 0x3
 360 0057 02       		.byte	0x2
 361 0058 07       		.byte	0x7
 362 0059 1A010000 		.4byte	.LASF6
 363 005d 03       		.uleb128 0x3
 364 005e 04       		.byte	0x4
 365 005f 05       		.byte	0x5
 366 0060 C8000000 		.4byte	.LASF7
 367 0064 03       		.uleb128 0x3
 368 0065 04       		.byte	0x4
 369 0066 07       		.byte	0x7
 370 0067 4E000000 		.4byte	.LASF8
 371 006b 03       		.uleb128 0x3
 372 006c 08       		.byte	0x8
 373 006d 07       		.byte	0x7
 374 006e 6D000000 		.4byte	.LASF9
 375 0072 03       		.uleb128 0x3
 376 0073 04       		.byte	0x4
 377 0074 07       		.byte	0x7
 378 0075 11010000 		.4byte	.LASF10
 379 0079 03       		.uleb128 0x3
 380 007a 01       		.byte	0x1
 381 007b 08       		.byte	0x8
 382 007c C3000000 		.4byte	.LASF11
 383 0080 04       		.uleb128 0x4
 384 0081 48000000 		.4byte	.LASF12
 385 0085 02       		.byte	0x2
 386 0086 FC01     		.2byte	0x1fc
 387 0088 48000000 		.4byte	0x48
 388 008c 04       		.uleb128 0x4
 389 008d 0E000000 		.4byte	.LASF13
 390 0091 02       		.byte	0x2
 391 0092 FE01     		.2byte	0x1fe
 392 0094 64000000 		.4byte	0x64
 393 0098 03       		.uleb128 0x3
 394 0099 04       		.byte	0x4
 395 009a 04       		.byte	0x4
 396 009b 84000000 		.4byte	.LASF14
 397 009f 03       		.uleb128 0x3
 398 00a0 08       		.byte	0x8
 399 00a1 04       		.byte	0x4
 400 00a2 04010000 		.4byte	.LASF15
 401 00a6 04       		.uleb128 0x4
 402 00a7 0B010000 		.4byte	.LASF16
 403 00ab 02       		.byte	0x2
 404 00ac A802     		.2byte	0x2a8
 405 00ae B2000000 		.4byte	0xb2
 406 00b2 05       		.uleb128 0x5
 407 00b3 8C000000 		.4byte	0x8c
ARM GAS  C:\Users\Asus\AppData\Local\Temp\ccedlzEh.s 			page 14


 408 00b7 06       		.uleb128 0x6
 409 00b8 E2000000 		.4byte	.LASF17
 410 00bc 01       		.byte	0x1
 411 00bd A9       		.byte	0xa9
 412 00be 00000000 		.4byte	.LFB4
 413 00c2 74000000 		.4byte	.LFE4-.LFB4
 414 00c6 01       		.uleb128 0x1
 415 00c7 9C       		.byte	0x9c
 416 00c8 EF000000 		.4byte	0xef
 417 00cc 07       		.uleb128 0x7
 418 00cd 0E000000 		.4byte	.LVL0
 419 00d1 6F010000 		.4byte	0x16f
 420 00d5 DF000000 		.4byte	0xdf
 421 00d9 08       		.uleb128 0x8
 422 00da 01       		.uleb128 0x1
 423 00db 50       		.byte	0x50
 424 00dc 01       		.uleb128 0x1
 425 00dd 48       		.byte	0x48
 426 00de 00       		.byte	0
 427 00df 09       		.uleb128 0x9
 428 00e0 44000000 		.4byte	.LVL1
 429 00e4 7A010000 		.4byte	0x17a
 430 00e8 08       		.uleb128 0x8
 431 00e9 01       		.uleb128 0x1
 432 00ea 50       		.byte	0x50
 433 00eb 01       		.uleb128 0x1
 434 00ec 30       		.byte	0x30
 435 00ed 00       		.byte	0
 436 00ee 00       		.byte	0
 437 00ef 0A       		.uleb128 0xa
 438 00f0 8A000000 		.4byte	.LASF19
 439 00f4 01       		.byte	0x1
 440 00f5 F3       		.byte	0xf3
 441 00f6 00000000 		.4byte	.LFB6
 442 00fa 38000000 		.4byte	.LFE6-.LFB6
 443 00fe 01       		.uleb128 0x1
 444 00ff 9C       		.byte	0x9c
 445 0100 21010000 		.4byte	0x121
 446 0104 0B       		.uleb128 0xb
 447 0105 45010000 		.4byte	.LASF26
 448 0109 01       		.byte	0x1
 449 010a F3       		.byte	0xf3
 450 010b 80000000 		.4byte	0x80
 451 010f 01       		.uleb128 0x1
 452 0110 50       		.byte	0x50
 453 0111 0C       		.uleb128 0xc
 454 0112 4D010000 		.4byte	.LASF27
 455 0116 01       		.byte	0x1
 456 0117 F5       		.byte	0xf5
 457 0118 8C000000 		.4byte	0x8c
 458 011c 00000000 		.4byte	.LLST0
 459 0120 00       		.byte	0
 460 0121 06       		.uleb128 0x6
 461 0122 D1000000 		.4byte	.LASF18
 462 0126 01       		.byte	0x1
 463 0127 DA       		.byte	0xda
 464 0128 00000000 		.4byte	.LFB5
ARM GAS  C:\Users\Asus\AppData\Local\Temp\ccedlzEh.s 			page 15


 465 012c 28000000 		.4byte	.LFE5-.LFB5
 466 0130 01       		.uleb128 0x1
 467 0131 9C       		.byte	0x9c
 468 0132 46010000 		.4byte	0x146
 469 0136 09       		.uleb128 0x9
 470 0137 1A000000 		.4byte	.LVL11
 471 013b EF000000 		.4byte	0xef
 472 013f 08       		.uleb128 0x8
 473 0140 01       		.uleb128 0x1
 474 0141 50       		.byte	0x50
 475 0142 01       		.uleb128 0x1
 476 0143 31       		.byte	0x31
 477 0144 00       		.byte	0
 478 0145 00       		.byte	0
 479 0146 0D       		.uleb128 0xd
 480 0147 60000000 		.4byte	.LASF20
 481 014b 01       		.byte	0x1
 482 014c 2001     		.2byte	0x120
 483 014e 74000000 		.4byte	.LFB7
 484 0152 88000000 		.4byte	.LFE7-.LFB7
 485 0156 01       		.uleb128 0x1
 486 0157 9C       		.byte	0x9c
 487 0158 6F010000 		.4byte	0x16f
 488 015c 0E       		.uleb128 0xe
 489 015d C2000000 		.4byte	.LVL12
 490 0161 B7000000 		.4byte	0xb7
 491 0165 0E       		.uleb128 0xe
 492 0166 C6000000 		.4byte	.LVL13
 493 016a 21010000 		.4byte	0x121
 494 016e 00       		.byte	0
 495 016f 0F       		.uleb128 0xf
 496 0170 A0000000 		.4byte	.LASF21
 497 0174 A0000000 		.4byte	.LASF21
 498 0178 03       		.byte	0x3
 499 0179 6C       		.byte	0x6c
 500 017a 0F       		.uleb128 0xf
 501 017b ED000000 		.4byte	.LASF22
 502 017f ED000000 		.4byte	.LASF22
 503 0183 04       		.byte	0x4
 504 0184 9F       		.byte	0x9f
 505 0185 00       		.byte	0
 506              		.section	.debug_abbrev,"",%progbits
 507              	.Ldebug_abbrev0:
 508 0000 01       		.uleb128 0x1
 509 0001 11       		.uleb128 0x11
 510 0002 01       		.byte	0x1
 511 0003 25       		.uleb128 0x25
 512 0004 0E       		.uleb128 0xe
 513 0005 13       		.uleb128 0x13
 514 0006 0B       		.uleb128 0xb
 515 0007 03       		.uleb128 0x3
 516 0008 0E       		.uleb128 0xe
 517 0009 1B       		.uleb128 0x1b
 518 000a 0E       		.uleb128 0xe
 519 000b 55       		.uleb128 0x55
 520 000c 17       		.uleb128 0x17
 521 000d 11       		.uleb128 0x11
ARM GAS  C:\Users\Asus\AppData\Local\Temp\ccedlzEh.s 			page 16


 522 000e 01       		.uleb128 0x1
 523 000f 10       		.uleb128 0x10
 524 0010 17       		.uleb128 0x17
 525 0011 00       		.byte	0
 526 0012 00       		.byte	0
 527 0013 02       		.uleb128 0x2
 528 0014 24       		.uleb128 0x24
 529 0015 00       		.byte	0
 530 0016 0B       		.uleb128 0xb
 531 0017 0B       		.uleb128 0xb
 532 0018 3E       		.uleb128 0x3e
 533 0019 0B       		.uleb128 0xb
 534 001a 03       		.uleb128 0x3
 535 001b 08       		.uleb128 0x8
 536 001c 00       		.byte	0
 537 001d 00       		.byte	0
 538 001e 03       		.uleb128 0x3
 539 001f 24       		.uleb128 0x24
 540 0020 00       		.byte	0
 541 0021 0B       		.uleb128 0xb
 542 0022 0B       		.uleb128 0xb
 543 0023 3E       		.uleb128 0x3e
 544 0024 0B       		.uleb128 0xb
 545 0025 03       		.uleb128 0x3
 546 0026 0E       		.uleb128 0xe
 547 0027 00       		.byte	0
 548 0028 00       		.byte	0
 549 0029 04       		.uleb128 0x4
 550 002a 16       		.uleb128 0x16
 551 002b 00       		.byte	0
 552 002c 03       		.uleb128 0x3
 553 002d 0E       		.uleb128 0xe
 554 002e 3A       		.uleb128 0x3a
 555 002f 0B       		.uleb128 0xb
 556 0030 3B       		.uleb128 0x3b
 557 0031 05       		.uleb128 0x5
 558 0032 49       		.uleb128 0x49
 559 0033 13       		.uleb128 0x13
 560 0034 00       		.byte	0
 561 0035 00       		.byte	0
 562 0036 05       		.uleb128 0x5
 563 0037 35       		.uleb128 0x35
 564 0038 00       		.byte	0
 565 0039 49       		.uleb128 0x49
 566 003a 13       		.uleb128 0x13
 567 003b 00       		.byte	0
 568 003c 00       		.byte	0
 569 003d 06       		.uleb128 0x6
 570 003e 2E       		.uleb128 0x2e
 571 003f 01       		.byte	0x1
 572 0040 03       		.uleb128 0x3
 573 0041 0E       		.uleb128 0xe
 574 0042 3A       		.uleb128 0x3a
 575 0043 0B       		.uleb128 0xb
 576 0044 3B       		.uleb128 0x3b
 577 0045 0B       		.uleb128 0xb
 578 0046 27       		.uleb128 0x27
ARM GAS  C:\Users\Asus\AppData\Local\Temp\ccedlzEh.s 			page 17


 579 0047 19       		.uleb128 0x19
 580 0048 11       		.uleb128 0x11
 581 0049 01       		.uleb128 0x1
 582 004a 12       		.uleb128 0x12
 583 004b 06       		.uleb128 0x6
 584 004c 40       		.uleb128 0x40
 585 004d 18       		.uleb128 0x18
 586 004e 9742     		.uleb128 0x2117
 587 0050 19       		.uleb128 0x19
 588 0051 01       		.uleb128 0x1
 589 0052 13       		.uleb128 0x13
 590 0053 00       		.byte	0
 591 0054 00       		.byte	0
 592 0055 07       		.uleb128 0x7
 593 0056 898201   		.uleb128 0x4109
 594 0059 01       		.byte	0x1
 595 005a 11       		.uleb128 0x11
 596 005b 01       		.uleb128 0x1
 597 005c 31       		.uleb128 0x31
 598 005d 13       		.uleb128 0x13
 599 005e 01       		.uleb128 0x1
 600 005f 13       		.uleb128 0x13
 601 0060 00       		.byte	0
 602 0061 00       		.byte	0
 603 0062 08       		.uleb128 0x8
 604 0063 8A8201   		.uleb128 0x410a
 605 0066 00       		.byte	0
 606 0067 02       		.uleb128 0x2
 607 0068 18       		.uleb128 0x18
 608 0069 9142     		.uleb128 0x2111
 609 006b 18       		.uleb128 0x18
 610 006c 00       		.byte	0
 611 006d 00       		.byte	0
 612 006e 09       		.uleb128 0x9
 613 006f 898201   		.uleb128 0x4109
 614 0072 01       		.byte	0x1
 615 0073 11       		.uleb128 0x11
 616 0074 01       		.uleb128 0x1
 617 0075 31       		.uleb128 0x31
 618 0076 13       		.uleb128 0x13
 619 0077 00       		.byte	0
 620 0078 00       		.byte	0
 621 0079 0A       		.uleb128 0xa
 622 007a 2E       		.uleb128 0x2e
 623 007b 01       		.byte	0x1
 624 007c 3F       		.uleb128 0x3f
 625 007d 19       		.uleb128 0x19
 626 007e 03       		.uleb128 0x3
 627 007f 0E       		.uleb128 0xe
 628 0080 3A       		.uleb128 0x3a
 629 0081 0B       		.uleb128 0xb
 630 0082 3B       		.uleb128 0x3b
 631 0083 0B       		.uleb128 0xb
 632 0084 27       		.uleb128 0x27
 633 0085 19       		.uleb128 0x19
 634 0086 11       		.uleb128 0x11
 635 0087 01       		.uleb128 0x1
ARM GAS  C:\Users\Asus\AppData\Local\Temp\ccedlzEh.s 			page 18


 636 0088 12       		.uleb128 0x12
 637 0089 06       		.uleb128 0x6
 638 008a 40       		.uleb128 0x40
 639 008b 18       		.uleb128 0x18
 640 008c 9742     		.uleb128 0x2117
 641 008e 19       		.uleb128 0x19
 642 008f 01       		.uleb128 0x1
 643 0090 13       		.uleb128 0x13
 644 0091 00       		.byte	0
 645 0092 00       		.byte	0
 646 0093 0B       		.uleb128 0xb
 647 0094 05       		.uleb128 0x5
 648 0095 00       		.byte	0
 649 0096 03       		.uleb128 0x3
 650 0097 0E       		.uleb128 0xe
 651 0098 3A       		.uleb128 0x3a
 652 0099 0B       		.uleb128 0xb
 653 009a 3B       		.uleb128 0x3b
 654 009b 0B       		.uleb128 0xb
 655 009c 49       		.uleb128 0x49
 656 009d 13       		.uleb128 0x13
 657 009e 02       		.uleb128 0x2
 658 009f 18       		.uleb128 0x18
 659 00a0 00       		.byte	0
 660 00a1 00       		.byte	0
 661 00a2 0C       		.uleb128 0xc
 662 00a3 34       		.uleb128 0x34
 663 00a4 00       		.byte	0
 664 00a5 03       		.uleb128 0x3
 665 00a6 0E       		.uleb128 0xe
 666 00a7 3A       		.uleb128 0x3a
 667 00a8 0B       		.uleb128 0xb
 668 00a9 3B       		.uleb128 0x3b
 669 00aa 0B       		.uleb128 0xb
 670 00ab 49       		.uleb128 0x49
 671 00ac 13       		.uleb128 0x13
 672 00ad 02       		.uleb128 0x2
 673 00ae 17       		.uleb128 0x17
 674 00af 00       		.byte	0
 675 00b0 00       		.byte	0
 676 00b1 0D       		.uleb128 0xd
 677 00b2 2E       		.uleb128 0x2e
 678 00b3 01       		.byte	0x1
 679 00b4 3F       		.uleb128 0x3f
 680 00b5 19       		.uleb128 0x19
 681 00b6 03       		.uleb128 0x3
 682 00b7 0E       		.uleb128 0xe
 683 00b8 3A       		.uleb128 0x3a
 684 00b9 0B       		.uleb128 0xb
 685 00ba 3B       		.uleb128 0x3b
 686 00bb 05       		.uleb128 0x5
 687 00bc 27       		.uleb128 0x27
 688 00bd 19       		.uleb128 0x19
 689 00be 11       		.uleb128 0x11
 690 00bf 01       		.uleb128 0x1
 691 00c0 12       		.uleb128 0x12
 692 00c1 06       		.uleb128 0x6
ARM GAS  C:\Users\Asus\AppData\Local\Temp\ccedlzEh.s 			page 19


 693 00c2 40       		.uleb128 0x40
 694 00c3 18       		.uleb128 0x18
 695 00c4 9742     		.uleb128 0x2117
 696 00c6 19       		.uleb128 0x19
 697 00c7 01       		.uleb128 0x1
 698 00c8 13       		.uleb128 0x13
 699 00c9 00       		.byte	0
 700 00ca 00       		.byte	0
 701 00cb 0E       		.uleb128 0xe
 702 00cc 898201   		.uleb128 0x4109
 703 00cf 00       		.byte	0
 704 00d0 11       		.uleb128 0x11
 705 00d1 01       		.uleb128 0x1
 706 00d2 31       		.uleb128 0x31
 707 00d3 13       		.uleb128 0x13
 708 00d4 00       		.byte	0
 709 00d5 00       		.byte	0
 710 00d6 0F       		.uleb128 0xf
 711 00d7 2E       		.uleb128 0x2e
 712 00d8 00       		.byte	0
 713 00d9 3F       		.uleb128 0x3f
 714 00da 19       		.uleb128 0x19
 715 00db 3C       		.uleb128 0x3c
 716 00dc 19       		.uleb128 0x19
 717 00dd 6E       		.uleb128 0x6e
 718 00de 0E       		.uleb128 0xe
 719 00df 03       		.uleb128 0x3
 720 00e0 0E       		.uleb128 0xe
 721 00e1 3A       		.uleb128 0x3a
 722 00e2 0B       		.uleb128 0xb
 723 00e3 3B       		.uleb128 0x3b
 724 00e4 0B       		.uleb128 0xb
 725 00e5 00       		.byte	0
 726 00e6 00       		.byte	0
 727 00e7 00       		.byte	0
 728              		.section	.debug_loc,"",%progbits
 729              	.Ldebug_loc0:
 730              	.LLST0:
 731 0000 04000000 		.4byte	.LVL3
 732 0004 12000000 		.4byte	.LVL5
 733 0008 0100     		.2byte	0x1
 734 000a 53       		.byte	0x53
 735 000b 14000000 		.4byte	.LVL6
 736 000f 1A000000 		.4byte	.LVL7
 737 0013 0100     		.2byte	0x1
 738 0015 53       		.byte	0x53
 739 0016 1A000000 		.4byte	.LVL7
 740 001a 1C000000 		.4byte	.LVL8
 741 001e 0200     		.2byte	0x2
 742 0020 72       		.byte	0x72
 743 0021 00       		.sleb128 0
 744 0022 1C000000 		.4byte	.LVL8
 745 0026 38000000 		.4byte	.LFE6
 746 002a 0100     		.2byte	0x1
 747 002c 53       		.byte	0x53
 748 002d 00000000 		.4byte	0
 749 0031 00000000 		.4byte	0
ARM GAS  C:\Users\Asus\AppData\Local\Temp\ccedlzEh.s 			page 20


 750              		.section	.debug_aranges,"",%progbits
 751 0000 34000000 		.4byte	0x34
 752 0004 0200     		.2byte	0x2
 753 0006 00000000 		.4byte	.Ldebug_info0
 754 000a 04       		.byte	0x4
 755 000b 00       		.byte	0
 756 000c 0000     		.2byte	0
 757 000e 0000     		.2byte	0
 758 0010 00000000 		.4byte	.LFB4
 759 0014 74000000 		.4byte	.LFE4-.LFB4
 760 0018 00000000 		.4byte	.LFB6
 761 001c 38000000 		.4byte	.LFE6-.LFB6
 762 0020 00000000 		.4byte	.LFB5
 763 0024 28000000 		.4byte	.LFE5-.LFB5
 764 0028 74000000 		.4byte	.LFB7
 765 002c 88000000 		.4byte	.LFE7-.LFB7
 766 0030 00000000 		.4byte	0
 767 0034 00000000 		.4byte	0
 768              		.section	.debug_ranges,"",%progbits
 769              	.Ldebug_ranges0:
 770 0000 00000000 		.4byte	.LFB4
 771 0004 74000000 		.4byte	.LFE4
 772 0008 00000000 		.4byte	.LFB6
 773 000c 38000000 		.4byte	.LFE6
 774 0010 00000000 		.4byte	.LFB5
 775 0014 28000000 		.4byte	.LFE5
 776 0018 74000000 		.4byte	.LFB7
 777 001c FC000000 		.4byte	.LFE7
 778 0020 00000000 		.4byte	0
 779 0024 00000000 		.4byte	0
 780              		.section	.debug_line,"",%progbits
 781              	.Ldebug_line0:
 782 0000 C9000000 		.section	.debug_str,"MS",%progbits,1
 782      02006100 
 782      00000201 
 782      FB0E0D00 
 782      01010101 
 783              	.LASF1:
 784 0000 6C6F6E67 		.ascii	"long long int\000"
 784      206C6F6E 
 784      6720696E 
 784      7400
 785              	.LASF13:
 786 000e 75696E74 		.ascii	"uint32\000"
 786      333200
 787              	.LASF24:
 788 0015 47656E65 		.ascii	"Generated_Source\\PSoC4\\cyfitter_cfg.c\000"
 788      72617465 
 788      645F536F 
 788      75726365 
 788      5C50536F 
 789              	.LASF0:
 790 003b 756E7369 		.ascii	"unsigned int\000"
 790      676E6564 
 790      20696E74 
 790      00
 791              	.LASF12:
ARM GAS  C:\Users\Asus\AppData\Local\Temp\ccedlzEh.s 			page 21


 792 0048 75696E74 		.ascii	"uint8\000"
 792      3800
 793              	.LASF8:
 794 004e 6C6F6E67 		.ascii	"long unsigned int\000"
 794      20756E73 
 794      69676E65 
 794      6420696E 
 794      7400
 795              	.LASF20:
 796 0060 63796669 		.ascii	"cyfitter_cfg\000"
 796      74746572 
 796      5F636667 
 796      00
 797              	.LASF9:
 798 006d 6C6F6E67 		.ascii	"long long unsigned int\000"
 798      206C6F6E 
 798      6720756E 
 798      7369676E 
 798      65642069 
 799              	.LASF14:
 800 0084 666C6F61 		.ascii	"float\000"
 800      7400
 801              	.LASF19:
 802 008a 53657441 		.ascii	"SetAnalogRoutingPumps\000"
 802      6E616C6F 
 802      67526F75 
 802      74696E67 
 802      50756D70 
 803              	.LASF21:
 804 00a0 43795379 		.ascii	"CySysClkWriteImoFreq\000"
 804      73436C6B 
 804      57726974 
 804      65496D6F 
 804      46726571 
 805              	.LASF4:
 806 00b5 756E7369 		.ascii	"unsigned char\000"
 806      676E6564 
 806      20636861 
 806      7200
 807              	.LASF11:
 808 00c3 63686172 		.ascii	"char\000"
 808      00
 809              	.LASF7:
 810 00c8 6C6F6E67 		.ascii	"long int\000"
 810      20696E74 
 810      00
 811              	.LASF18:
 812 00d1 416E616C 		.ascii	"AnalogSetDefault\000"
 812      6F675365 
 812      74446566 
 812      61756C74 
 812      00
 813              	.LASF17:
 814 00e2 436C6F63 		.ascii	"ClockSetup\000"
 814      6B536574 
 814      757000
 815              	.LASF22:
ARM GAS  C:\Users\Asus\AppData\Local\Temp\ccedlzEh.s 			page 22


 816 00ed 43795379 		.ascii	"CySysClkSetTimerSource\000"
 816      73436C6B 
 816      53657454 
 816      696D6572 
 816      536F7572 
 817              	.LASF15:
 818 0104 646F7562 		.ascii	"double\000"
 818      6C6500
 819              	.LASF16:
 820 010b 72656733 		.ascii	"reg32\000"
 820      3200
 821              	.LASF10:
 822 0111 73697A65 		.ascii	"sizetype\000"
 822      74797065 
 822      00
 823              	.LASF6:
 824 011a 73686F72 		.ascii	"short unsigned int\000"
 824      7420756E 
 824      7369676E 
 824      65642069 
 824      6E7400
 825              	.LASF3:
 826 012d 7369676E 		.ascii	"signed char\000"
 826      65642063 
 826      68617200 
 827              	.LASF2:
 828 0139 6C6F6E67 		.ascii	"long double\000"
 828      20646F75 
 828      626C6500 
 829              	.LASF26:
 830 0145 656E6162 		.ascii	"enabled\000"
 830      6C656400 
 831              	.LASF27:
 832 014d 72656756 		.ascii	"regValue\000"
 832      616C7565 
 832      00
 833              	.LASF5:
 834 0156 73686F72 		.ascii	"short int\000"
 834      7420696E 
 834      7400
 835              	.LASF23:
 836 0160 474E5520 		.ascii	"GNU C11 5.4.1 20160609 (release) [ARM/embedded-5-br"
 836      43313120 
 836      352E342E 
 836      31203230 
 836      31363036 
 837 0193 616E6368 		.ascii	"anch revision 237715] -mcpu=cortex-m0plus -mthumb -"
 837      20726576 
 837      6973696F 
 837      6E203233 
 837      37373135 
 838 01c6 67202D4F 		.ascii	"g -Og -ffunction-sections -ffat-lto-objects\000"
 838      67202D66 
 838      66756E63 
 838      74696F6E 
 838      2D736563 
 839              	.LASF25:
ARM GAS  C:\Users\Asus\AppData\Local\Temp\ccedlzEh.s 			page 23


 840 01f2 453A5C48 		.ascii	"E:\\Hackster Projects\\Infenion Microcontroller\\In"
 840      61636B73 
 840      74657220 
 840      50726F6A 
 840      65637473 
 841 0222 66696E65 		.ascii	"fineon-CY8CKIT-041-41XX_Example_Projects-Software-v"
 841      6F6E2D43 
 841      5938434B 
 841      49542D30 
 841      34312D34 
 842 0255 30315F30 		.ascii	"01_00-EN\\PSoC 4100S\\CE216892 USB-HID Trackpad\\CE"
 842      302D454E 
 842      5C50536F 
 842      43203431 
 842      3030535C 
 843 0285 32313638 		.ascii	"216892 USB-HID Trackpad.cydsn\000"
 843      39322055 
 843      53422D48 
 843      49442054 
 843      7261636B 
 844              		.ident	"GCC: (GNU Tools for ARM Embedded Processors) 5.4.1 20160609 (release) [ARM/embedded-5-bran
